<?xml version="1.0" encoding="utf-8"?><testsuites name="pytest tests"><testsuite name="pytest" errors="0" failures="0" skipped="0" tests="13" time="1.266" timestamp="2026-05-09T09:39:28.110006+00:00" hostname="agent-env-884025f8-141d-49fd-9f85-8c42ca6d98b8"><testcase classname="backend.tests.test_resurge_api.TestHealth" name="test_health_ok" time="0.297" /><testcase classname="backend.tests.test_resurge_api.TestQuotes" name="test_quotes_all_30" time="0.045" /><testcase classname="backend.tests.test_resurge_api.TestQuotes" name="test_quotes_all_unique_ids" time="0.042" /><testcase classname="backend.tests.test_resurge_api.TestQuotes" name="test_quotes_random" time="0.081" /><testcase classname="backend.tests.test_resurge_api.TestQuotes" name="test_quotes_daily_deterministic" time="0.126" /><testcase classname="backend.tests.test_resurge_api.TestQuotes" name="test_quotes_daily_different_seed_may_differ" time="0.220" /><testcase classname="backend.tests.test_resurge_api.TestMilestones" name="test_milestones_list" time="0.042" /><testcase classname="backend.tests.test_resurge_api.TestMilestones" name="test_milestones_next_at_10" time="0.065" /><testcase classname="backend.tests.test_resurge_api.TestMilestones" name="test_milestones_next_at_zero" time="0.042" /><testcase classname="backend.tests.test_resurge_api.TestMilestones" name="test_milestones_next_at_max" time="0.042" /><testcase classname="backend.tests.test_resurge_api.TestMilestones" name="test_milestones_next_negative_400" time="0.041" /><testcase classname="backend.tests.test_resurge_api.TestBrainTimeline" name="test_brain_timeline_list" time="0.043" /><testcase classname="backend.tests.test_resurge_api.TestRoot" name="test_root" time="0.054" /></testsuite></testsuites>